app/build/outputs/logs/manifest-merger-debug-report.txt
-- Merging decision tree log ---
manifest
ADDED from src\main\AndroidManifest.xml:2:1-61:12
	package
		ADDED from src\main\AndroidManifest.xml:3:5-32
		INJECTED from src\main\AndroidManifest.xml
		INJECTED from src\main\AndroidManifest.xml
	android:versionName
		ADDED from src\main\AndroidManifest.xml:5:5-30
		INJECTED from src\main\AndroidManifest.xml
		INJECTED from src\main\AndroidManifest.xml
	android:versionCode
		ADDED from src\main\AndroidManifest.xml:4:5-28
		INJECTED from src\main\AndroidManifest.xml
		INJECTED from src\main\AndroidManifest.xml
	xmlns:android
		ADDED from src\main\AndroidManifest.xml:2:11-69
uses-sdk
ADDED from src\main\AndroidManifest.xml:7:5-9:41
MERGED from [com.android.support:support-v4:22.0.0] AndroidManifest.xml:20:5-43
	android:targetSdkVersion
		ADDED from src\main\AndroidManifest.xml:9:9-38
		INJECTED from src\main\AndroidManifest.xml
		INJECTED from src\main\AndroidManifest.xml
	android:minSdkVersion
		ADDED from src\main\AndroidManifest.xml:8:9-35
		INJECTED from src\main\AndroidManifest.xml
		INJECTED from src\main\AndroidManifest.xml
uses-permission#android.permission.READ_CONTACTS
ADDED from src\main\AndroidManifest.xml:11:5-72
	android:name
		ADDED from src\main\AndroidManifest.xml:11:22-69
uses-permission#android.permission.WRITE_CONTACTS
ADDED from src\main\AndroidManifest.xml:12:5-73
	android:name
		ADDED from src\main\AndroidManifest.xml:12:22-70
uses-permission#android.permission.READ_CALL_LOG
ADDED from src\main\AndroidManifest.xml:13:5-72
	android:name
		ADDED from src\main\AndroidManifest.xml:13:22-69
uses-permission#android.permission.CALL_PHONE
ADDED from src\main\AndroidManifest.xml:14:5-69
	android:name
		ADDED from src\main\AndroidManifest.xml:14:22-66
uses-permission#android.permission.READ_PHONE_STATE
ADDED from src\main\AndroidManifest.xml:15:5-75
	android:name
		ADDED from src\main\AndroidManifest.xml:15:22-72
uses-permission#android.permission.PROCESS_OUTGOING_CALLS
ADDED from src\main\AndroidManifest.xml:16:5-81
	android:name
		ADDED from src\main\AndroidManifest.xml:16:22-78
uses-permission#android.permission.READ_SMS
ADDED from src\main\AndroidManifest.xml:17:5-67
	android:name
		ADDED from src\main\AndroidManifest.xml:17:22-64
android:uses-permission#android.permission.WRITE_EXTERNAL_STORAGE
ADDED from src\main\AndroidManifest.xml:19:5-89
	android:name
		ADDED from src\main\AndroidManifest.xml:19:30-86
android:uses-permission#android.permission.READ_EXTERNAL_STORAGE
ADDED from src\main\AndroidManifest.xml:20:5-88
	android:name
		ADDED from src\main\AndroidManifest.xml:20:30-85
application
ADDED from src\main\AndroidManifest.xml:22:5-59:19
MERGED from [com.android.support:support-v4:22.0.0] AndroidManifest.xml:22:5-20
	android:label
		ADDED from src\main\AndroidManifest.xml:25:9-41
	android:allowBackup
		ADDED from src\main\AndroidManifest.xml:23:9-35
	android:icon
		ADDED from src\main\AndroidManifest.xml:24:9-38
	android:theme
		ADDED from src\main\AndroidManifest.xml:26:9-62
receiver#com.example.Receiver.CallReceiver
ADDED from src\main\AndroidManifest.xml:30:9-34:20
	android:name
		ADDED from src\main\AndroidManifest.xml:30:19-67
intent-filter#android.intent.action.NEW_OUTGOING_CALL
ADDED from src\main\AndroidManifest.xml:31:13-33:29
action#android.intent.action.NEW_OUTGOING_CALL
ADDED from src\main\AndroidManifest.xml:32:17-82
	android:name
		ADDED from src\main\AndroidManifest.xml:32:25-79
activity#com.example.ui.myAnimation
ADDED from src\main\AndroidManifest.xml:36:9-39:48
	android:label
		ADDED from src\main\AndroidManifest.xml:39:13-45
	android:icon
		ADDED from src\main\AndroidManifest.xml:38:13-42
	android:name
		ADDED from src\main\AndroidManifest.xml:37:13-54
activity#com.example.ui.MainActivity
ADDED from src\main\AndroidManifest.xml:40:9-51:20
	android:label
		ADDED from src\main\AndroidManifest.xml:44:13-61
	android:allowBackup
		ADDED from src\main\AndroidManifest.xml:42:13-40
	android:icon
		ADDED from src\main\AndroidManifest.xml:43:13-42
	android:theme
		ADDED from src\main\AndroidManifest.xml:45:13-66
	android:name
		ADDED from src\main\AndroidManifest.xml:41:13-55
intent-filter#android.intent.action.MAIN+android.intent.category.LAUNCHER
ADDED from src\main\AndroidManifest.xml:46:13-50:29
action#android.intent.action.MAIN
ADDED from src\main\AndroidManifest.xml:47:17-69
	android:name
		ADDED from src\main\AndroidManifest.xml:47:25-66
category#android.intent.category.LAUNCHER
ADDED from src\main\AndroidManifest.xml:49:17-77
	android:name
		ADDED from src\main\AndroidManifest.xml:49:27-74
activity#com.example.ui.SendMsg
ADDED from src\main\AndroidManifest.xml:52:9-56:80
	android:label
		ADDED from src\main\AndroidManifest.xml:55:13-60
	android:icon
		ADDED from src\main\AndroidManifest.xml:54:13-42
	android:theme
		ADDED from src\main\AndroidManifest.xml:56:13-77
	android:name
		ADDED from src\main\AndroidManifest.xml:53:13-50
activity#com.example.base.BaseActivity
ADDED from src\main\AndroidManifest.xml:57:9-66
	android:name
		ADDED from src\main\AndroidManifest.xml:57:19-63
activity#com.example.base.TestActivity
ADDED from src\main\AndroidManifest.xml:58:9-75
	android:name
		ADDED from src\main\AndroidManifest.xml:58:19-63